<?xml version="1.0" encoding="UTF-8"?>
<!-- Generated by org.testng.reporters.JUnitXMLReporter -->
<testsuite hostname="WKWIN2483646" ignored="0" name="Add Cusomer" tests="2" failures="0" timestamp="2020-03-05T11:26:08 IST" time="1.666" errors="0">
  <testcase name="addCusomerTest" time="1.587" classname="com.learning.testcases.AddCusomerTest"/>
  <testcase name="addCusomerTest" time="0.001" classname="com.learning.testcases.AddCusomerTest">
    <skipped/>
  </testcase> <!-- addCusomerTest -->
</testsuite> <!-- Add Cusomer -->
