<?xml version="1.0" encoding="UTF-8"?>
<!-- Generated by org.testng.reporters.JUnitXMLReporter -->
<testsuite hostname="WKWIN2483646" ignored="0" name="Open Account" tests="2" failures="0" timestamp="2020-03-05T11:26:09 IST" time="0.912" errors="0">
  <testcase name="openAccountTest" time="0.903" classname="com.learning.testcases.OpenAccountTest"/>
  <testcase name="openAccountTest" time="0.002" classname="com.learning.testcases.OpenAccountTest">
    <skipped/>
  </testcase> <!-- openAccountTest -->
</testsuite> <!-- Open Account -->
