<?xml version="1.0" encoding="UTF-8"?>
<!-- Generated by org.testng.reporters.JUnitXMLReporter -->
<testsuite hostname="WKWIN2483646" name="BankManagerLoginTest" tests="2" failures="2" timestamp="3 Mar 2020 06:27:53 GMT" time="0.819" errors="0">
  <testcase name="loginAsBankManager" time="0.023" classname="com.learning.testcases.BankManagerLoginTest">
    <failure type="java.lang.NullPointerException">
      <![CDATA[java.lang.NullPointerException
	at com.learning.listeners.CustomListener.onTestStart(CustomListener.java:14)
... Removed 21 stack frames]]>
    </failure>
  </testcase> <!-- loginAsBankManager -->
  <testcase name="loginAsBankManager" time="0.46" classname="com.learning.testcases.BankManagerLoginTest">
    <failure type="java.lang.NullPointerException">
      <![CDATA[java.lang.NullPointerException
	at com.learning.listeners.CustomListener.onTestFailure(CustomListener.java:50)
... Removed 21 stack frames]]>
    </failure>
  </testcase> <!-- loginAsBankManager -->
</testsuite> <!-- BankManagerLoginTest -->
