<?xml version="1.0" encoding="UTF-8"?>
<!-- Generated by org.testng.reporters.JUnitXMLReporter -->
<testsuite hostname="WKWIN2483646" name="Bank Manager Login" tests="1" failures="1" timestamp="3 Mar 2020 16:32:07 GMT" time="1.415" errors="0">
  <testcase name="loginAsBankManager" time="0.279" classname="com.learning.testcases.BankManagerLoginTest">
    <failure type="java.lang.IllegalArgumentException" message="Cannot find elements when the XPath expression is null.">
      <![CDATA[java.lang.IllegalArgumentException: Cannot find elements when the XPath expression is null.
	at org.openqa.selenium.By.xpath(By.java:113)
	at com.learning.testcases.BankManagerLoginTest.loginAsBankManager(BankManagerLoginTest.java:19)
... Removed 24 stack frames]]>
    </failure>
  </testcase> <!-- loginAsBankManager -->
</testsuite> <!-- Bank Manager Login -->
